2025-10-21 08:18:29.313 +07:00 [INF] Starting host at the program.cs
2025-10-21 08:18:29.383 +07:00 [DBG] Hosting starting
2025-10-21 08:18:29.488 +07:00 [INF] Server (stream) (SampleMcpServer) transport reading messages.
2025-10-21 08:18:29.557 +07:00 [INF] Application started. Press Ctrl+C to shut down.
2025-10-21 08:18:29.557 +07:00 [INF] Hosting environment: Production
2025-10-21 08:18:29.557 +07:00 [INF] Content root path: /Users/trietdo/McpServer/SampleMcpServer/bin/Debug/net9.0/osx-arm64
2025-10-21 08:18:29.557 +07:00 [DBG] Hosting started
2025-10-21 08:21:56.833 +07:00 [INF] Application is shutting down...
2025-10-21 08:21:56.836 +07:00 [DBG] Hosting stopping
2025-10-21 08:21:56.848 +07:00 [INF] Server (SampleMcpServer 1.0.0.0) message processing canceled.
2025-10-21 08:21:56.855 +07:00 [DBG] Hosting stopped
2025-10-21 08:21:56.860 +07:00 [INF] Server (stream) (SampleMcpServer) shutting down.
2025-10-21 08:21:56.861 +07:00 [INF] Server (stream) (SampleMcpServer) transport message reading canceled.
2025-10-21 08:21:56.861 +07:00 [INF] Server (stream) (SampleMcpServer) shut down.
2025-10-21 08:22:04.409 +07:00 [INF] Starting host at the program.cs
2025-10-21 08:22:04.494 +07:00 [DBG] Hosting starting
2025-10-21 08:22:04.589 +07:00 [INF] Server (stream) (SampleMcpServer) transport reading messages.
2025-10-21 08:22:04.651 +07:00 [INF] Application started. Press Ctrl+C to shut down.
2025-10-21 08:22:04.652 +07:00 [INF] Hosting environment: Production
2025-10-21 08:22:04.652 +07:00 [INF] Content root path: /Users/trietdo/McpServer/SampleMcpServer/bin/Debug/net9.0/osx-arm64
2025-10-21 08:22:04.652 +07:00 [DBG] Hosting started
2025-10-21 08:22:14.846 +07:00 [INF] Application is shutting down...
2025-10-21 08:22:14.848 +07:00 [DBG] Hosting stopping
2025-10-21 08:22:14.858 +07:00 [INF] Server (SampleMcpServer 1.0.0.0) message processing canceled.
2025-10-21 08:22:14.864 +07:00 [DBG] Hosting stopped
2025-10-21 08:22:14.869 +07:00 [INF] Server (stream) (SampleMcpServer) shutting down.
2025-10-21 08:22:14.870 +07:00 [INF] Server (stream) (SampleMcpServer) transport message reading canceled.
2025-10-21 08:22:14.870 +07:00 [INF] Server (stream) (SampleMcpServer) shut down.
2025-10-21 08:25:44.934 +07:00 [INF] Starting host at the program.cs
2025-10-21 08:25:44.996 +07:00 [DBG] Hosting starting
2025-10-21 08:25:45.090 +07:00 [INF] Server (stream) (SampleMcpServer) transport reading messages.
2025-10-21 08:25:45.155 +07:00 [INF] Application started. Press Ctrl+C to shut down.
2025-10-21 08:25:45.156 +07:00 [INF] Hosting environment: Production
2025-10-21 08:25:45.156 +07:00 [INF] Content root path: /Users/trietdo/McpServer/SampleMcpServer/bin/Debug/net9.0/osx-arm64
2025-10-21 08:25:45.156 +07:00 [DBG] Hosting started
2025-10-21 08:28:57.037 +07:00 [INF] Application is shutting down...
2025-10-21 08:28:57.038 +07:00 [DBG] Hosting stopping
2025-10-21 08:28:57.051 +07:00 [INF] Server (SampleMcpServer 1.0.0.0) message processing canceled.
2025-10-21 08:28:57.056 +07:00 [DBG] Hosting stopped
2025-10-21 08:28:57.060 +07:00 [INF] Server (stream) (SampleMcpServer) shutting down.
2025-10-21 08:28:57.061 +07:00 [INF] Server (stream) (SampleMcpServer) transport message reading canceled.
2025-10-21 08:28:57.062 +07:00 [INF] Server (stream) (SampleMcpServer) shut down.
2025-10-21 09:05:23.976 +07:00 [INF] Starting host at the program.cs
2025-10-21 09:05:24.053 +07:00 [DBG] Hosting starting
2025-10-21 09:05:24.155 +07:00 [INF] Server (stream) (SampleMcpServer) transport reading messages.
2025-10-21 09:05:24.222 +07:00 [INF] Application started. Press Ctrl+C to shut down.
2025-10-21 09:05:24.222 +07:00 [INF] Hosting environment: Production
2025-10-21 09:05:24.222 +07:00 [INF] Content root path: /Users/trietdo/McpServer/SampleMcpServer/bin/Debug/net9.0/osx-arm64
2025-10-21 09:05:24.222 +07:00 [DBG] Hosting started
2025-10-21 09:05:25.407 +07:00 [INF] Application is shutting down...
2025-10-21 09:05:25.408 +07:00 [DBG] Hosting stopping
2025-10-21 09:05:25.418 +07:00 [INF] Server (SampleMcpServer 1.0.0.0) message processing canceled.
2025-10-21 09:05:25.424 +07:00 [DBG] Hosting stopped
2025-10-21 09:05:25.428 +07:00 [INF] Server (stream) (SampleMcpServer) shutting down.
2025-10-21 09:05:25.429 +07:00 [INF] Server (stream) (SampleMcpServer) transport message reading canceled.
2025-10-21 09:05:25.430 +07:00 [INF] Server (stream) (SampleMcpServer) shut down.
