2025-10-21 08:22:27.730 +07:00 [INF] Starting host at the program.cs
2025-10-21 08:22:27.790 +07:00 [DBG] Hosting starting
2025-10-21 08:22:27.845 +07:00 [INF] Server (stream) (SampleMcpServer) transport reading messages.
2025-10-21 08:22:27.884 +07:00 [INF] Application started. Press Ctrl+C to shut down.
2025-10-21 08:22:27.884 +07:00 [INF] Hosting environment: Production
2025-10-21 08:22:27.884 +07:00 [INF] Content root path: /Users/trietdo/McpServer/SampleMcpServer
2025-10-21 08:22:27.884 +07:00 [DBG] Hosting started
2025-10-21 08:23:34.343 +07:00 [INF] Application is shutting down...
2025-10-21 08:23:34.345 +07:00 [DBG] Hosting stopping
2025-10-21 08:23:34.362 +07:00 [INF] Server (SampleMcpServer 1.0.0.0) message processing canceled.
2025-10-21 08:23:34.368 +07:00 [DBG] Hosting stopped
2025-10-21 08:23:34.371 +07:00 [INF] Server (stream) (SampleMcpServer) shutting down.
2025-10-21 08:23:34.372 +07:00 [INF] Server (stream) (SampleMcpServer) transport message reading canceled.
2025-10-21 08:23:34.372 +07:00 [INF] Server (stream) (SampleMcpServer) shut down.
2025-10-21 08:29:04.845 +07:00 [INF] Starting host at the program.cs
2025-10-21 08:29:04.892 +07:00 [DBG] Hosting starting
2025-10-21 08:29:04.939 +07:00 [INF] Server (stream) (SampleMcpServer) transport reading messages.
2025-10-21 08:29:04.974 +07:00 [INF] Application started. Press Ctrl+C to shut down.
2025-10-21 08:29:04.974 +07:00 [INF] Hosting environment: Production
2025-10-21 08:29:04.974 +07:00 [INF] Content root path: /Users/trietdo/McpServer/SampleMcpServer
2025-10-21 08:29:04.975 +07:00 [DBG] Hosting started
2025-10-21 08:31:53.938 +07:00 [INF] Application is shutting down...
2025-10-21 08:31:53.941 +07:00 [DBG] Hosting stopping
2025-10-21 08:31:53.958 +07:00 [INF] Server (SampleMcpServer 1.0.0.0) message processing canceled.
2025-10-21 08:31:53.965 +07:00 [DBG] Hosting stopped
2025-10-21 08:31:53.969 +07:00 [INF] Server (stream) (SampleMcpServer) shutting down.
2025-10-21 08:31:53.970 +07:00 [INF] Server (stream) (SampleMcpServer) transport message reading canceled.
2025-10-21 08:31:53.971 +07:00 [INF] Server (stream) (SampleMcpServer) shut down.
2025-10-21 08:32:20.211 +07:00 [INF] Starting host at the program.cs
2025-10-21 08:32:20.258 +07:00 [DBG] Hosting starting
2025-10-21 08:32:20.311 +07:00 [INF] Server (stream) (SampleMcpServer) transport reading messages.
2025-10-21 08:32:20.346 +07:00 [INF] Application started. Press Ctrl+C to shut down.
2025-10-21 08:32:20.346 +07:00 [INF] Hosting environment: Production
2025-10-21 08:32:20.346 +07:00 [INF] Content root path: /Users/trietdo/McpServer/SampleMcpServer
2025-10-21 08:32:20.346 +07:00 [DBG] Hosting started
2025-10-21 08:45:35.397 +07:00 [INF] Application is shutting down...
2025-10-21 08:45:35.400 +07:00 [DBG] Hosting stopping
2025-10-21 08:45:35.418 +07:00 [INF] Server (SampleMcpServer 1.0.0.0) message processing canceled.
2025-10-21 08:45:35.424 +07:00 [DBG] Hosting stopped
2025-10-21 08:45:35.428 +07:00 [INF] Server (stream) (SampleMcpServer) shutting down.
2025-10-21 08:45:35.429 +07:00 [INF] Server (stream) (SampleMcpServer) transport message reading canceled.
2025-10-21 08:45:35.430 +07:00 [INF] Server (stream) (SampleMcpServer) shut down.
2025-10-21 08:45:48.165 +07:00 [INF] Starting host at the program.cs
2025-10-21 08:45:48.214 +07:00 [DBG] Hosting starting
2025-10-21 08:45:48.275 +07:00 [INF] Server (stream) (SampleMcpServer) transport reading messages.
2025-10-21 08:45:48.394 +07:00 [INF] Application started. Press Ctrl+C to shut down.
2025-10-21 08:45:48.395 +07:00 [INF] Hosting environment: Production
2025-10-21 08:45:48.395 +07:00 [INF] Content root path: /Users/trietdo/McpServer/SampleMcpServer
2025-10-21 08:45:48.395 +07:00 [DBG] Hosting started
2025-10-21 08:49:53.309 +07:00 [INF] Application is shutting down...
2025-10-21 08:49:53.312 +07:00 [DBG] Hosting stopping
2025-10-21 08:49:53.330 +07:00 [INF] Server (SampleMcpServer 1.0.0.0) message processing canceled.
2025-10-21 08:49:53.336 +07:00 [DBG] Hosting stopped
2025-10-21 08:49:53.340 +07:00 [INF] Server (stream) (SampleMcpServer) shutting down.
2025-10-21 08:49:53.341 +07:00 [INF] Server (stream) (SampleMcpServer) transport message reading canceled.
2025-10-21 08:49:53.342 +07:00 [INF] Server (stream) (SampleMcpServer) shut down.
2025-10-21 08:50:02.820 +07:00 [INF] Starting host at the program.cs
2025-10-21 08:50:02.867 +07:00 [DBG] Hosting starting
2025-10-21 08:50:02.915 +07:00 [INF] Server (stream) (SampleMcpServer) transport reading messages.
2025-10-21 08:50:02.950 +07:00 [INF] Application started. Press Ctrl+C to shut down.
2025-10-21 08:50:02.950 +07:00 [INF] Hosting environment: Production
2025-10-21 08:50:02.950 +07:00 [INF] Content root path: /Users/trietdo/McpServer/SampleMcpServer
2025-10-21 08:50:02.950 +07:00 [DBG] Hosting started
2025-10-21 08:54:30.670 +07:00 [INF] Application is shutting down...
2025-10-21 08:54:30.671 +07:00 [DBG] Hosting stopping
2025-10-21 08:54:30.679 +07:00 [INF] Server (SampleMcpServer 1.0.0.0) message processing canceled.
2025-10-21 08:54:30.682 +07:00 [DBG] Hosting stopped
2025-10-21 08:54:30.684 +07:00 [INF] Server (stream) (SampleMcpServer) shutting down.
2025-10-21 08:54:30.685 +07:00 [INF] Server (stream) (SampleMcpServer) transport message reading canceled.
2025-10-21 08:54:30.685 +07:00 [INF] Server (stream) (SampleMcpServer) shut down.
2025-10-21 08:54:41.626 +07:00 [INF] Starting host at the program.cs
2025-10-21 08:54:41.675 +07:00 [DBG] Hosting starting
2025-10-21 08:54:41.728 +07:00 [INF] Server (stream) (SampleMcpServer) transport reading messages.
2025-10-21 08:54:41.765 +07:00 [INF] Application started. Press Ctrl+C to shut down.
2025-10-21 08:54:41.765 +07:00 [INF] Hosting environment: Production
2025-10-21 08:54:41.765 +07:00 [INF] Content root path: /Users/trietdo/McpServer/SampleMcpServer
2025-10-21 08:54:41.765 +07:00 [DBG] Hosting started
2025-10-21 09:02:33.620 +07:00 [INF] Application is shutting down...
2025-10-21 09:02:33.623 +07:00 [DBG] Hosting stopping
2025-10-21 09:02:33.642 +07:00 [INF] Server (SampleMcpServer 1.0.0.0) message processing canceled.
2025-10-21 09:02:33.648 +07:00 [DBG] Hosting stopped
2025-10-21 09:02:33.652 +07:00 [INF] Server (stream) (SampleMcpServer) shutting down.
2025-10-21 09:02:33.653 +07:00 [INF] Server (stream) (SampleMcpServer) transport message reading canceled.
2025-10-21 09:02:33.654 +07:00 [INF] Server (stream) (SampleMcpServer) shut down.
2025-10-21 09:02:41.590 +07:00 [INF] Starting host at the program.cs
2025-10-21 09:02:41.638 +07:00 [DBG] Hosting starting
2025-10-21 09:02:41.685 +07:00 [INF] Server (stream) (SampleMcpServer) transport reading messages.
2025-10-21 09:02:41.721 +07:00 [INF] Application started. Press Ctrl+C to shut down.
2025-10-21 09:02:41.721 +07:00 [INF] Hosting environment: Production
2025-10-21 09:02:41.721 +07:00 [INF] Content root path: /Users/trietdo/McpServer/SampleMcpServer
2025-10-21 09:02:41.721 +07:00 [DBG] Hosting started
2025-10-21 09:05:29.662 +07:00 [INF] Application is shutting down...
2025-10-21 09:05:29.664 +07:00 [DBG] Hosting stopping
2025-10-21 09:05:29.684 +07:00 [INF] Server (SampleMcpServer 1.0.0.0) message processing canceled.
2025-10-21 09:05:29.690 +07:00 [DBG] Hosting stopped
2025-10-21 09:05:29.694 +07:00 [INF] Server (stream) (SampleMcpServer) shutting down.
2025-10-21 09:05:29.695 +07:00 [INF] Server (stream) (SampleMcpServer) transport message reading canceled.
2025-10-21 09:05:29.695 +07:00 [INF] Server (stream) (SampleMcpServer) shut down.
2025-10-21 09:05:36.607 +07:00 [INF] Starting host at the program.cs
2025-10-21 09:05:36.654 +07:00 [DBG] Hosting starting
2025-10-21 09:05:36.701 +07:00 [INF] Server (stream) (SampleMcpServer) transport reading messages.
2025-10-21 09:05:36.736 +07:00 [INF] Application started. Press Ctrl+C to shut down.
2025-10-21 09:05:36.737 +07:00 [INF] Hosting environment: Production
2025-10-21 09:05:36.737 +07:00 [INF] Content root path: /Users/trietdo/McpServer/SampleMcpServer
2025-10-21 09:05:36.737 +07:00 [DBG] Hosting started
2025-10-21 09:49:10.730 +07:00 [INF] Application is shutting down...
2025-10-21 09:49:10.733 +07:00 [DBG] Hosting stopping
2025-10-21 09:49:10.750 +07:00 [INF] Server (SampleMcpServer 1.0.0.0) message processing canceled.
2025-10-21 09:49:10.756 +07:00 [DBG] Hosting stopped
2025-10-21 09:49:10.760 +07:00 [INF] Server (stream) (SampleMcpServer) shutting down.
2025-10-21 09:49:10.761 +07:00 [INF] Server (stream) (SampleMcpServer) transport message reading canceled.
2025-10-21 09:49:10.762 +07:00 [INF] Server (stream) (SampleMcpServer) shut down.
